--- Copying files at Mon Apr 27 19:31:12 UTC 2026
--- Copied files finished at Mon Apr 27 19:31:13 UTC 2026
--- Copying files at Mon Apr 27 19:39:14 UTC 2026
--- Copied files finished at Mon Apr 27 19:39:14 UTC 2026
--- Copying files at Mon Apr 27 19:44:37 UTC 2026
--- Copied files finished at Mon Apr 27 19:44:37 UTC 2026
--- Copying files at Mon Apr 27 20:02:20 UTC 2026
--- Copied files finished at Mon Apr 27 20:02:20 UTC 2026
--- Copying files at Mon Apr 27 20:30:00 UTC 2026
--- Copied files finished at Mon Apr 27 20:30:00 UTC 2026
--- Copying files at Tue Apr 28 05:42:19 UTC 2026
--- Copied files finished at Tue Apr 28 05:42:19 UTC 2026
--- Copying files at Tue Apr 28 06:09:14 UTC 2026
--- Copied files finished at Tue Apr 28 06:09:14 UTC 2026
--- Copying files at Tue Apr 28 06:17:07 UTC 2026
--- Copied files finished at Tue Apr 28 06:17:07 UTC 2026
--- Copying files at Tue Apr 28 06:23:34 UTC 2026
--- Copied files finished at Tue Apr 28 06:23:34 UTC 2026
--- Copying files at Tue Apr 28 06:27:24 UTC 2026
--- Copied files finished at Tue Apr 28 06:27:24 UTC 2026
--- Copying files at Tue Apr 28 06:32:05 UTC 2026
--- Copied files finished at Tue Apr 28 06:32:05 UTC 2026
--- Copying files at Tue Apr 28 07:45:20 UTC 2026
--- Copied files finished at Tue Apr 28 07:45:20 UTC 2026
--- Copying files at Tue May  5 18:18:16 UTC 2026
--- Copied files finished at Tue May  5 18:18:16 UTC 2026
--- Copying files at Tue May  5 18:20:45 UTC 2026
--- Copied files finished at Tue May  5 18:20:45 UTC 2026
--- Copying files at Tue May  5 18:23:02 UTC 2026
--- Copied files finished at Tue May  5 18:23:02 UTC 2026
--- Copying files at Tue May  5 18:29:54 UTC 2026
--- Copied files finished at Tue May  5 18:29:54 UTC 2026
--- Copying files at Wed May  6 06:27:51 UTC 2026
--- Copied files finished at Wed May  6 06:27:51 UTC 2026
--- Copying files at Wed May  6 06:34:07 UTC 2026
--- Copied files finished at Wed May  6 06:34:07 UTC 2026
